<?xml version="1.0" encoding="UTF-8"?>
<testsuite xmlns:xsi="http://www.w3.org/2001/XMLSchema-instance" xsi:noNamespaceSchemaLocation="https://maven.apache.org/surefire/maven-surefire-plugin/xsd/surefire-test-report-3.0.xsd" version="3.0" name="rocket.com.FormValidationTests" time="9.981" tests="6" errors="1" skipped="0" failures="0">
  <properties>
[...]
</properties>
  <testcase name="testHomePage_Responsiveness" classname="rocket.com.FormValidationTests" time="2.502">
    <system-err><![CDATA[SLF4J(W): No SLF4J providers were found.
SLF4J(W): Defaulting to no-operation (NOP) logger implementation
SLF4J(W): See https://www.slf4j.org/codes.html#noProviders for further details.
Dec 15, 2025 10:59:14 AM org.openqa.selenium.devtools.CdpVersionFinder findNearestMatch
WARNING: Unable to find CDP implementation matching 143
Dec 15, 2025 10:59:14 AM org.openqa.selenium.chromium.ChromiumDriver lambda$new$5
WARNING: Unable to find version of CDP to use for 143.0.7499.109. You may need to include a dependency on a specific version of the CDP using something similar to `org.seleniumhq.selenium:selenium-devtools-v86:4.24.0` where the version ("v86") matches the version of the chromium-based browser you're using and the version number of the artifact is the same as Selenium's.
]]></system-err>
  </testcase>
  <testcase name="testQuoteForm_FillOut" classname="rocket.com.FormValidationTests" time="1.069">
    <system-err><![CDATA[Dec 15, 2025 10:59:16 AM org.openqa.selenium.devtools.CdpVersionFinder findNearestMatch
WARNING: Unable to find CDP implementation matching 143
Dec 15, 2025 10:59:16 AM org.openqa.selenium.chromium.ChromiumDriver lambda$new$5
WARNING: Unable to find version of CDP to use for 143.0.7499.109. You may need to include a dependency on a specific version of the CDP using something similar to `org.seleniumhq.selenium:selenium-devtools-v86:4.24.0` where the version ("v86") matches the version of the chromium-based browser you're using and the version number of the artifact is the same as Selenium's.
]]></system-err>
  </testcase>
  <testcase name="testContactForm_Filling" classname="rocket.com.FormValidationTests" time="1.72">
    <system-err><![CDATA[Dec 15, 2025 10:59:17 AM org.openqa.selenium.devtools.CdpVersionFinder findNearestMatch
WARNING: Unable to find CDP implementation matching 143
Dec 15, 2025 10:59:17 AM org.openqa.selenium.chromium.ChromiumDriver lambda$new$5
WARNING: Unable to find version of CDP to use for 143.0.7499.109. You may need to include a dependency on a specific version of the CDP using something similar to `org.seleniumhq.selenium:selenium-devtools-v86:4.24.0` where the version ("v86") matches the version of the chromium-based browser you're using and the version number of the artifact is the same as Selenium's.
]]></system-err>
  </testcase>
  <testcase name="testNavigation_M3_Pages" classname="rocket.com.FormValidationTests" time="1.061">
    <system-err><![CDATA[Dec 15, 2025 10:59:19 AM org.openqa.selenium.devtools.CdpVersionFinder findNearestMatch
WARNING: Unable to find CDP implementation matching 143
Dec 15, 2025 10:59:19 AM org.openqa.selenium.chromium.ChromiumDriver lambda$new$5
WARNING: Unable to find version of CDP to use for 143.0.7499.109. You may need to include a dependency on a specific version of the CDP using something similar to `org.seleniumhq.selenium:selenium-devtools-v86:4.24.0` where the version ("v86") matches the version of the chromium-based browser you're using and the version number of the artifact is the same as Selenium's.
]]></system-err>
  </testcase>
  <testcase name="testM9_RegisterNewUser" classname="rocket.com.FormValidationTests" time="1.945">
    <error message="element click intercepted: Element is not clickable at point (382, 470)&#10;  (Session info: chrome=143.0.7499.109)&#10;Build info: version: &apos;4.24.0&apos;, revision: &apos;748ffc9bc3&apos;&#10;System info: os.name: &apos;Linux&apos;, os.arch: &apos;amd64&apos;, os.version: &apos;6.6.87.1-microsoft-standard-WSL2&apos;, java.version: &apos;17.0.17&apos;&#10;Driver info: org.openqa.selenium.chrome.ChromeDriver&#10;Command: [ceff617699c3599d02ad66781af25093, clickElement {id=f.19053A0A5BCAD5A009286BC732F0D88E.d.3F3708907F50D4A25F3E26E3C966B1ED.e.15}]&#10;Capabilities {acceptInsecureCerts: false, browserName: chrome, browserVersion: 143.0.7499.109, chrome: {chromedriverVersion: 143.0.7499.42 (24bdc8c48a0c..., userDataDir: /tmp/.org.chromium.Chromium...}, fedcm:accounts: true, goog:chromeOptions: {debuggerAddress: localhost:37725}, goog:processID: 51795, networkConnectionEnabled: false, pageLoadStrategy: normal, platformName: linux, proxy: Proxy(), se:cdp: ws://localhost:37725/devtoo..., se:cdpVersion: 143.0.7499.109, setWindowRect: true, strictFileInteractability: false, timeouts: {implicit: 0, pageLoad: 300000, script: 30000}, unhandledPromptBehavior: dismiss and notify, webauthn:extension:credBlob: true, webauthn:extension:largeBlob: true, webauthn:extension:minPinLength: true, webauthn:extension:prf: true, webauthn:virtualAuthenticators: true}&#10;Element: [[ChromeDriver: chrome on linux (ceff617699c3599d02ad66781af25093)] -&gt; css selector: button[type=&apos;submit&apos;]]&#10;Session ID: ceff617699c3599d02ad66781af25093" type="org.openqa.selenium.ElementClickInterceptedException"><![CDATA[org.openqa.selenium.ElementClickInterceptedException: 
element click intercepted: Element is not clickable at point (382, 470)
  (Session info: chrome=143.0.7499.109)
Build info: version: '4.24.0', revision: '748ffc9bc3'
System info: os.name: 'Linux', os.arch: 'amd64', os.version: '6.6.87.1-microsoft-standard-WSL2', java.version: '17.0.17'
Driver info: org.openqa.selenium.chrome.ChromeDriver
Command: [ceff617699c3599d02ad66781af25093, clickElement {id=f.19053A0A5BCAD5A009286BC732F0D88E.d.3F3708907F50D4A25F3E26E3C966B1ED.e.15}]
Capabilities {acceptInsecureCerts: false, browserName: chrome, browserVersion: 143.0.7499.109, chrome: {chromedriverVersion: 143.0.7499.42 (24bdc8c48a0c..., userDataDir: /tmp/.org.chromium.Chromium...}, fedcm:accounts: true, goog:chromeOptions: {debuggerAddress: localhost:37725}, goog:processID: 51795, networkConnectionEnabled: false, pageLoadStrategy: normal, platformName: linux, proxy: Proxy(), se:cdp: ws://localhost:37725/devtoo..., se:cdpVersion: 143.0.7499.109, setWindowRect: true, strictFileInteractability: false, timeouts: {implicit: 0, pageLoad: 300000, script: 30000}, unhandledPromptBehavior: dismiss and notify, webauthn:extension:credBlob: true, webauthn:extension:largeBlob: true, webauthn:extension:minPinLength: true, webauthn:extension:prf: true, webauthn:virtualAuthenticators: true}
Element: [[ChromeDriver: chrome on linux (ceff617699c3599d02ad66781af25093)] -> css selector: button[type='submit']]
Session ID: ceff617699c3599d02ad66781af25093
	at java.base/jdk.internal.reflect.NativeConstructorAccessorImpl.newInstance0(Native Method)
	at java.base/jdk.internal.reflect.NativeConstructorAccessorImpl.newInstance(NativeConstructorAccessorImpl.java:77)
	at java.base/jdk.internal.reflect.DelegatingConstructorAccessorImpl.newInstance(DelegatingConstructorAccessorImpl.java:45)
	at java.base/java.lang.reflect.Constructor.newInstanceWithCaller(Constructor.java:500)
	at java.base/java.lang.reflect.Constructor.newInstance(Constructor.java:481)
	at org.openqa.selenium.remote.ErrorCodec.decode(ErrorCodec.java:167)
	at org.openqa.selenium.remote.codec.w3c.W3CHttpResponseCodec.decode(W3CHttpResponseCodec.java:138)
	at org.openqa.selenium.remote.codec.w3c.W3CHttpResponseCodec.decode(W3CHttpResponseCodec.java:50)
	at org.openqa.selenium.remote.HttpCommandExecutor.execute(HttpCommandExecutor.java:190)
	at org.openqa.selenium.remote.service.DriverCommandExecutor.invokeExecute(DriverCommandExecutor.java:216)
	at org.openqa.selenium.remote.service.DriverCommandExecutor.execute(DriverCommandExecutor.java:174)
	at org.openqa.selenium.remote.RemoteWebDriver.execute(RemoteWebDriver.java:545)
	at org.openqa.selenium.remote.RemoteWebElement.execute(RemoteWebElement.java:223)
	at org.openqa.selenium.remote.RemoteWebElement.click(RemoteWebElement.java:76)
	at rocket.com.FormValidationTests.testM9_RegisterNewUser(FormValidationTests.java:207)
	at java.base/java.lang.reflect.Method.invoke(Method.java:569)
	at java.base/java.util.ArrayList.forEach(ArrayList.java:1511)
	at java.base/java.util.ArrayList.forEach(ArrayList.java:1511)
]]></error>
    <system-err><![CDATA[Dec 15, 2025 10:59:20 AM org.openqa.selenium.devtools.CdpVersionFinder findNearestMatch
WARNING: Unable to find CDP implementation matching 143
Dec 15, 2025 10:59:20 AM org.openqa.selenium.chromium.ChromiumDriver lambda$new$5
WARNING: Unable to find version of CDP to use for 143.0.7499.109. You may need to include a dependency on a specific version of the CDP using something similar to `org.seleniumhq.selenium:selenium-devtools-v86:4.24.0` where the version ("v86") matches the version of the chromium-based browser you're using and the version number of the artifact is the same as Selenium's.
]]></system-err>
  </testcase>
  <testcase name="testM9_LoginOnly" classname="rocket.com.FormValidationTests" time="1.647">
    <system-err><![CDATA[Dec 15, 2025 10:59:22 AM org.openqa.selenium.devtools.CdpVersionFinder findNearestMatch
WARNING: Unable to find CDP implementation matching 143
Dec 15, 2025 10:59:22 AM org.openqa.selenium.chromium.ChromiumDriver lambda$new$5
WARNING: Unable to find version of CDP to use for 143.0.7499.109. You may need to include a dependency on a specific version of the CDP using something similar to `org.seleniumhq.selenium:selenium-devtools-v86:4.24.0` where the version ("v86") matches the version of the chromium-based browser you're using and the version number of the artifact is the same as Selenium's.
]]></system-err>
  </testcase>
</testsuite>